<?xml version="1.0" encoding="UTF-8"?>
<!-- Generated by org.testng.reporters.JUnitXMLReporter -->
<testsuite ignored="5" hostname="DESKTOP-5QR60D9" failures="0" tests="1" name="Default test" time="3.439" errors="0" timestamp="2021-08-25T13:46:10 WIB">
  <testcase classname="bigprojectsekolahqa.TSScheduleTest" name="@BeforeTest setUp" time="3.137">
    <failure type="org.openqa.selenium.InvalidArgumentException" message="invalid argument: user data directory is already in use, please specify a unique value for --user-data-dir argument, or don&amp;apos;t use --user-data-dir
Build info: version: &amp;apos;3.141.59&amp;apos;, revision: &amp;apos;e82be7d358&amp;apos;, time: &amp;apos;2018-11-14T08:17:03&amp;apos;
System info: host: &amp;apos;DESKTOP-5QR60D9&amp;apos;, ip: &amp;apos;192.168.43.61&amp;apos;, os.name: &amp;apos;Windows 10&amp;apos;, os.arch: &amp;apos;amd64&amp;apos;, os.version: &amp;apos;10.0&amp;apos;, java.version: &amp;apos;16.0.2&amp;apos;
Driver info: driver.version: ChromeDriver
remote stacktrace: Backtrace:
	Ordinal0 [0x007D3733+2504499]
	Ordinal0 [0x0076C401+2081793]
	Ordinal0 [0x00672628+1058344]
	Ordinal0 [0x0068D57A+1168762]
	Ordinal0 [0x00689DC3+1154499]
	Ordinal0 [0x006B9B82+1350530]
	Ordinal0 [0x006B97DA+1349594]
	Ordinal0 [0x006B5D4B+1334603]
	Ordinal0 [0x006922B4+1188532]
	Ordinal0 [0x00693149+1192265]
	GetHandleVerifier [0x0094FB8C+1512252]
	GetHandleVerifier [0x009FB0DF+2214031]
	GetHandleVerifier [0x00854BC3+484211]
	GetHandleVerifier [0x00853E69+480793]
	Ordinal0 [0x0077218D+2105741]
	Ordinal0 [0x007766E8+2123496]
	Ordinal0 [0x00776827+2123815]
	Ordinal0 [0x0077FB73+2161523]
	BaseThreadInitThunk [0x7503FA29+25]
	RtlGetAppContainerNamedObjectPath [0x77077A7E+286]
	RtlGetAppContainerNamedObjectPath [0x77077A4E+238]
">
      <![CDATA[org.openqa.selenium.InvalidArgumentException: invalid argument: user data directory is already in use, please specify a unique value for --user-data-dir argument, or don't use --user-data-dir
Build info: version: '3.141.59', revision: 'e82be7d358', time: '2018-11-14T08:17:03'
System info: host: 'DESKTOP-5QR60D9', ip: '192.168.43.61', os.name: 'Windows 10', os.arch: 'amd64', os.version: '10.0', java.version: '16.0.2'
Driver info: driver.version: ChromeDriver
remote stacktrace: Backtrace:
Ordinal0 [0x007D3733+2504499]
Ordinal0 [0x0076C401+2081793]
Ordinal0 [0x00672628+1058344]
Ordinal0 [0x0068D57A+1168762]
Ordinal0 [0x00689DC3+1154499]
Ordinal0 [0x006B9B82+1350530]
Ordinal0 [0x006B97DA+1349594]
Ordinal0 [0x006B5D4B+1334603]
Ordinal0 [0x006922B4+1188532]
Ordinal0 [0x00693149+1192265]
GetHandleVerifier [0x0094FB8C+1512252]
GetHandleVerifier [0x009FB0DF+2214031]
GetHandleVerifier [0x00854BC3+484211]
GetHandleVerifier [0x00853E69+480793]
Ordinal0 [0x0077218D+2105741]
Ordinal0 [0x007766E8+2123496]
Ordinal0 [0x00776827+2123815]
Ordinal0 [0x0077FB73+2161523]
BaseThreadInitThunk [0x7503FA29+25]
RtlGetAppContainerNamedObjectPath [0x77077A7E+286]
RtlGetAppContainerNamedObjectPath [0x77077A4E+238]

at java.base/jdk.internal.reflect.NativeConstructorAccessorImpl.newInstance0(Native Method)
at java.base/jdk.internal.reflect.NativeConstructorAccessorImpl.newInstance(NativeConstructorAccessorImpl.java:78)
at java.base/jdk.internal.reflect.DelegatingConstructorAccessorImpl.newInstance(DelegatingConstructorAccessorImpl.java:45)
at java.base/java.lang.reflect.Constructor.newInstanceWithCaller(Constructor.java:499)
at java.base/java.lang.reflect.Constructor.newInstance(Constructor.java:480)
at org.openqa.selenium.remote.W3CHandshakeResponse.lambda$errorHandler$0(W3CHandshakeResponse.java:62)
at org.openqa.selenium.remote.HandshakeResponse.lambda$getResponseFunction$0(HandshakeResponse.java:30)
at org.openqa.selenium.remote.ProtocolHandshake.lambda$createSession$0(ProtocolHandshake.java:126)
at java.base/java.util.stream.ReferencePipeline$3$1.accept(ReferencePipeline.java:197)
at java.base/java.util.Spliterators$ArraySpliterator.tryAdvance(Spliterators.java:958)
at java.base/java.util.stream.ReferencePipeline.forEachWithCancel(ReferencePipeline.java:129)
at java.base/java.util.stream.AbstractPipeline.copyIntoWithCancel(AbstractPipeline.java:502)
at java.base/java.util.stream.AbstractPipeline.copyInto(AbstractPipeline.java:488)
at java.base/java.util.stream.AbstractPipeline.wrapAndCopyInto(AbstractPipeline.java:474)
at java.base/java.util.stream.FindOps$FindOp.evaluateSequential(FindOps.java:150)
at java.base/java.util.stream.AbstractPipeline.evaluate(AbstractPipeline.java:234)
at java.base/java.util.stream.ReferencePipeline.findFirst(ReferencePipeline.java:647)
at org.openqa.selenium.remote.ProtocolHandshake.createSession(ProtocolHandshake.java:128)
at org.openqa.selenium.remote.ProtocolHandshake.createSession(ProtocolHandshake.java:74)
at org.openqa.selenium.remote.HttpCommandExecutor.execute(HttpCommandExecutor.java:136)
at org.openqa.selenium.remote.service.DriverCommandExecutor.execute(DriverCommandExecutor.java:83)
at org.openqa.selenium.remote.RemoteWebDriver.execute(RemoteWebDriver.java:552)
at org.openqa.selenium.remote.RemoteWebDriver.startSession(RemoteWebDriver.java:213)
at org.openqa.selenium.remote.RemoteWebDriver.<init>(RemoteWebDriver.java:131)
at org.openqa.selenium.chrome.ChromeDriver.<init>(ChromeDriver.java:181)
at org.openqa.selenium.chrome.ChromeDriver.<init>(ChromeDriver.java:168)
at org.openqa.selenium.chrome.ChromeDriver.<init>(ChromeDriver.java:157)
at bigprojectsekolahqa.TSScheduleTest.setUp(TSScheduleTest.java:29)
at java.base/jdk.internal.reflect.NativeMethodAccessorImpl.invoke0(Native Method)
at java.base/jdk.internal.reflect.NativeMethodAccessorImpl.invoke(NativeMethodAccessorImpl.java:78)
at java.base/jdk.internal.reflect.DelegatingMethodAccessorImpl.invoke(DelegatingMethodAccessorImpl.java:43)
at java.base/java.lang.reflect.Method.invoke(Method.java:567)
at org.testng.internal.MethodInvocationHelper.invokeMethod(MethodInvocationHelper.java:133)
at org.testng.internal.MethodInvocationHelper.invokeMethodConsideringTimeout(MethodInvocationHelper.java:62)
at org.testng.internal.ConfigInvoker.invokeConfigurationMethod(ConfigInvoker.java:385)
at org.testng.internal.ConfigInvoker.invokeConfigurations(ConfigInvoker.java:321)
at org.testng.TestRunner.invokeTestConfigurations(TestRunner.java:637)
at org.testng.TestRunner.beforeRun(TestRunner.java:627)
at org.testng.TestRunner.run(TestRunner.java:589)
at org.testng.SuiteRunner.runTest(SuiteRunner.java:377)
at org.testng.SuiteRunner.runSequentially(SuiteRunner.java:371)
at org.testng.SuiteRunner.privateRun(SuiteRunner.java:332)
at org.testng.SuiteRunner.run(SuiteRunner.java:276)
at org.testng.SuiteRunnerWorker.runSuite(SuiteRunnerWorker.java:53)
at org.testng.SuiteRunnerWorker.run(SuiteRunnerWorker.java:96)
at org.testng.TestNG.runSuitesSequentially(TestNG.java:1212)
at org.testng.TestNG.runSuitesLocally(TestNG.java:1134)
at org.testng.TestNG.runSuites(TestNG.java:1063)
at org.testng.TestNG.run(TestNG.java:1031)
at org.testng.remote.AbstractRemoteTestNG.run(AbstractRemoteTestNG.java:115)
at org.testng.remote.RemoteTestNG.initAndRun(RemoteTestNG.java:251)
at org.testng.remote.RemoteTestNG.main(RemoteTestNG.java:77)
]]>
    </failure>
  </testcase> <!-- @BeforeTest setUp -->
  <testcase classname="bigprojectsekolahqa.TSScheduleTest" name="@AfterTest tearDown" time="-1.629873969996E9">
    <skipped/>
  </testcase> <!-- @AfterTest tearDown -->
  <testcase classname="bigprojectsekolahqa.TSScheduleTest" name="tC19editcreatedevent" time="0.0">
    <skipped/>
  </testcase> <!-- tC19editcreatedevent -->
  <testcase classname="bigprojectsekolahqa.TSScheduleTest" name="tC18addeventtogooglecalendar" time="0.0">
    <ignored/>
  </testcase> <!-- tC18addeventtogooglecalendar -->
  <testcase classname="bigprojectsekolahqa.TSScheduleTest" name="tC16addnotesonevent" time="0.0">
    <ignored/>
  </testcase> <!-- tC16addnotesonevent -->
  <testcase classname="bigprojectsekolahqa.TSScheduleTest" name="tC15addmemberonevent" time="0.0">
    <ignored/>
  </testcase> <!-- tC15addmemberonevent -->
  <testcase classname="bigprojectsekolahqa.TSScheduleTest" name="tC17createnewprivateevent" time="0.0">
    <ignored/>
  </testcase> <!-- tC17createnewprivateevent -->
  <testcase classname="bigprojectsekolahqa.TSScheduleTest" name="tC14createnewevent" time="0.0">
    <ignored/>
  </testcase> <!-- tC14createnewevent -->
</testsuite> <!-- Default test -->
